Using pre-set license
Built from '2020.3/staging' branch; Version is '2020.3.13f1 (71691879b7f5) revision 7432472'; Using compiler version '192528614'; Build Type 'Release'
OS: 'Windows 10 Home Single Language; OS build 19043.1165; Version 2009; 64bit' Language: 'en' Physical Memory: 16324 MB
BatchMode: 1, IsHumanControllingUs: 0, StartBugReporterOnCrash: 0, Is64bit: 1, IsPro: 0

 COMMAND LINE ARGUMENTS:
C:\Program Files\Unity\Hub\Editor\2020.3.13f1\Editor\Unity.exe
-adb2
-batchMode
-noUpm
-name
AssetImportWorker0
-projectPath
D:/Unity Projects/Our-World-Smartphone-Prototype-AR/Our World Smartphone Protoype Android
-logFile
Logs/AssetImportWorker0.log
-srvPort
64938
Successfully changed project path to: D:/Unity Projects/Our-World-Smartphone-Prototype-AR/Our World Smartphone Protoype Android
D:/Unity Projects/Our-World-Smartphone-Prototype-AR/Our World Smartphone Protoype Android
Using Asset Import Pipeline V2.
Refreshing native plugins compatible for Editor in 169.27 ms, found 3 plugins.
Preloading 0 native plugins for Editor in 0.00 ms.
Initialize engine version: 2020.3.13f1 (71691879b7f5)
[Subsystems] Discovering subsystems at path C:/Program Files/Unity/Hub/Editor/2020.3.13f1/Editor/Data/Resources/UnitySubsystems
[Subsystems] Discovering subsystems at path D:/Unity Projects/Our-World-Smartphone-Prototype-AR/Our World Smartphone Protoype Android/Assets
GfxDevice: creating device client; threaded=0
Direct3D:
    Version:  Direct3D 11.0 [level 11.1]
    Renderer: NVIDIA GeForce GTX 1060 (ID=0x1c60)
    Vendor:   
    VRAM:     6052 MB
    Driver:   30.0.14.7168
Initialize mono
Mono path[0] = 'C:/Program Files/Unity/Hub/Editor/2020.3.13f1/Editor/Data/Managed'
Mono path[1] = 'C:/Program Files/Unity/Hub/Editor/2020.3.13f1/Editor/Data/MonoBleedingEdge/lib/mono/unityjit'
Mono config path = 'C:/Program Files/Unity/Hub/Editor/2020.3.13f1/Editor/Data/MonoBleedingEdge/etc'
Using monoOptions --debugger-agent=transport=dt_socket,embedding=1,server=y,suspend=n,address=127.0.0.1:56184
Begin MonoManager ReloadAssembly
Registering precompiled unity dll's ...
Register platform support module: C:/Program Files/Unity/Hub/Editor/2020.3.13f1/Editor/Data/PlaybackEngines/WindowsStandaloneSupport/UnityEditor.WindowsStandalone.Extensions.dll
Registered in 0.003262 seconds.
Native extension for WindowsStandalone target not found
Refreshing native plugins compatible for Editor in 138.54 ms, found 3 plugins.
Preloading 0 native plugins for Editor in 0.00 ms.
Mono: successfully reloaded assembly
- Completed reload, in  2.779 seconds
Platform modules already initialized, skipping
Registering precompiled user dll's ...
Registered in 0.008804 seconds.
Begin MonoManager ReloadAssembly
Native extension for WindowsStandalone target not found
Refreshing native plugins compatible for Editor in 1.42 ms, found 3 plugins.
Preloading 0 native plugins for Editor in 0.00 ms.
Mono: successfully reloaded assembly
- Completed reload, in  1.647 seconds
Platform modules already initialized, skipping
========================================================================
Worker process is ready to serve import requests
Launched and connected shader compiler UnityShaderCompiler.exe after 0.06 seconds
Refreshing native plugins compatible for Editor in 1.70 ms, found 3 plugins.
Preloading 0 native plugins for Editor in 0.00 ms.
Unloading 3520 Unused Serialized files (Serialized files now loaded: 0)
System memory in use before: 142.1 MB.
System memory in use after: 142.3 MB.

Unloading 98 unused Assets to reduce memory usage. Loaded Objects now: 3928.
Total: 9.099500 ms (FindLiveObjects: 0.304300 ms CreateObjectMapping: 0.172900 ms MarkObjects: 8.478700 ms  DeleteObjects: 0.142200 ms)

AssetImportParameters requested are different than current active one (requested -> active):
  custom:framework-win-MediaFoundation: 216162199b28c13a410421893ffa2e32 -> 
  custom:video-decoder-ogg-theora: a1e56fd34408186e4bbccfd4996cb3dc -> 
  custom:container-muxer-webm: aa71ff27fc2769a1b78a27578f13a17b -> 
  custom:container-demuxer-webm: 4f35f7cbe854078d1ac9338744f61a02 -> 
  custom:container-demuxer-ogg: 62fdf1f143b41e24485cea50d1cbac27 -> 
  custom:video-encoder-webm-vp8: eb34c28f22e8b96e1ab97ce403110664 -> 
  custom:video-decoder-webm-vp8: 9c59270c3fd7afecdb556c50c9e8de78 -> 
  custom:audio-decoder-ogg-vorbis: bf7c407c2cedff20999df2af8eb42d56 -> 
  custom:audio-encoder-webm-vorbis: bf7c407c2cedff20999df2af8eb42d56 -> 
========================================================================
Received Import Request.
  path: Assets/ExternalDependencyManager/Editor
  artifactKey: Guid(e3df0b5d96353403b9b2df3951015548) Importer(815301076,1909f56bfc062723c751e8b465ee728b)
Start importing Assets/ExternalDependencyManager/Editor using Guid(e3df0b5d96353403b9b2df3951015548) Importer(815301076,1909f56bfc062723c751e8b465ee728b)  -> (artifact id: 'ab7d9c6ecdc62c8099631c542b7de2c5') in 0.012132 seconds 
  Import took 0.017412 seconds .

========================================================================
Received Import Request.
  Time since last request: 0.000302 seconds.
  path: Assets/ExternalDependencyManager
  artifactKey: Guid(d4538736dac824d649cfba1f453828ca) Importer(815301076,1909f56bfc062723c751e8b465ee728b)
Start importing Assets/ExternalDependencyManager using Guid(d4538736dac824d649cfba1f453828ca) Importer(815301076,1909f56bfc062723c751e8b465ee728b)  -> (artifact id: 'efa862e648a8ba572b9f9bf8daba1846') in 0.006138 seconds 
  Import took 0.039295 seconds .

========================================================================
Received Import Request.
  Time since last request: 0.420791 seconds.
  path: Assets/Icons
  artifactKey: Guid(d3d083711099b124397f22b07eafe9f8) Importer(815301076,1909f56bfc062723c751e8b465ee728b)
Start importing Assets/Icons using Guid(d3d083711099b124397f22b07eafe9f8) Importer(815301076,1909f56bfc062723c751e8b465ee728b)  -> (artifact id: '8447a227ff975138f3566d05582dd45a') in 0.006783 seconds 
  Import took 0.014071 seconds .

========================================================================
Received Import Request.
  Time since last request: 0.037010 seconds.
  path: Assets/Icons/MyLocation2.png
  artifactKey: Guid(4b645130e6e75644ebab2d534305af77) Importer(815301076,1909f56bfc062723c751e8b465ee728b)
Start importing Assets/Icons/MyLocation2.png using Guid(4b645130e6e75644ebab2d534305af77) Importer(815301076,1909f56bfc062723c751e8b465ee728b)  -> (artifact id: '2704c3257360c3e0c71a4a15845dd891') in 0.119255 seconds 
  Import took 0.125870 seconds .

========================================================================
Received Import Request.
  Time since last request: 2.805910 seconds.
  path: Assets/Manomotion
  artifactKey: Guid(d12657da80d2b8c498b1658945f1adb7) Importer(815301076,1909f56bfc062723c751e8b465ee728b)
Start importing Assets/Manomotion using Guid(d12657da80d2b8c498b1658945f1adb7) Importer(815301076,1909f56bfc062723c751e8b465ee728b)  -> (artifact id: 'b3e00416afd1347bc43a04e13e560ee8') in 0.024446 seconds 
  Import took 0.033880 seconds .

========================================================================
Received Import Request.
  Time since last request: 8.157201 seconds.
  path: Assets/ManoMotionARCore/ARCoreMMLogo-01.png
  artifactKey: Guid(2a3cce91201c5423b8473b42c670372c) Importer(815301076,1909f56bfc062723c751e8b465ee728b)
Start importing Assets/ManoMotionARCore/ARCoreMMLogo-01.png using Guid(2a3cce91201c5423b8473b42c670372c) Importer(815301076,1909f56bfc062723c751e8b465ee728b)  -> (artifact id: '45e85e341a2ec13d98198c143b0e0819') in 0.369088 seconds 
  Import took 0.377484 seconds .

========================================================================
Received Import Request.
  Time since last request: 0.000256 seconds.
  path: Assets/ManoMotionARCore
  artifactKey: Guid(1ddcaec63a2f046f880c1a4e851c375a) Importer(815301076,1909f56bfc062723c751e8b465ee728b)
Start importing Assets/ManoMotionARCore using Guid(1ddcaec63a2f046f880c1a4e851c375a) Importer(815301076,1909f56bfc062723c751e8b465ee728b)  -> (artifact id: '0881a4460c9f61f68b6e1885deed47e0') in 0.007614 seconds 
  Import took 0.015071 seconds .

========================================================================
Received Prepare
Registering precompiled user dll's ...
Registered in 0.012164 seconds.
Begin MonoManager ReloadAssembly
Native extension for WindowsStandalone target not found
Refreshing native plugins compatible for Editor in 1.44 ms, found 3 plugins.
Preloading 0 native plugins for Editor in 0.00 ms.
Mono: successfully reloaded assembly
- Completed reload, in  1.607 seconds
Platform modules already initialized, skipping
Refreshing native plugins compatible for Editor in 3.21 ms, found 3 plugins.
Preloading 0 native plugins for Editor in 0.00 ms.
Unloading 3457 Unused Serialized files (Serialized files now loaded: 0)
System memory in use before: 136.5 MB.
System memory in use after: 136.7 MB.

Unloading 89 unused Assets to reduce memory usage. Loaded Objects now: 3934.
Total: 9.212700 ms (FindLiveObjects: 0.440900 ms CreateObjectMapping: 0.248700 ms MarkObjects: 8.431300 ms  DeleteObjects: 0.090200 ms)

AssetImportParameters requested are different than current active one (requested -> active):
  custom:framework-win-MediaFoundation: 216162199b28c13a410421893ffa2e32 -> 
  custom:video-decoder-ogg-theora: a1e56fd34408186e4bbccfd4996cb3dc -> 
  custom:container-muxer-webm: aa71ff27fc2769a1b78a27578f13a17b -> 
  custom:container-demuxer-webm: 4f35f7cbe854078d1ac9338744f61a02 -> 
  custom:container-demuxer-ogg: 62fdf1f143b41e24485cea50d1cbac27 -> 
  custom:video-encoder-webm-vp8: eb34c28f22e8b96e1ab97ce403110664 -> 
  custom:video-decoder-webm-vp8: 9c59270c3fd7afecdb556c50c9e8de78 -> 
  custom:audio-decoder-ogg-vorbis: bf7c407c2cedff20999df2af8eb42d56 -> 
  custom:audio-encoder-webm-vorbis: bf7c407c2cedff20999df2af8eb42d56 -> 
========================================================================
Received Import Request.
  Time since last request: 9.176187 seconds.
  path: Assets/Materials/Slider Background.mat
  artifactKey: Guid(27d87a15bf86c4159800770927c9aa2f) Importer(815301076,1909f56bfc062723c751e8b465ee728b)
Start importing Assets/Materials/Slider Background.mat using Guid(27d87a15bf86c4159800770927c9aa2f) Importer(815301076,1909f56bfc062723c751e8b465ee728b)  -> (artifact id: '517c1a967e7fdfc5573767821ca5e39e') in 0.338766 seconds 
  Import took 0.346954 seconds .

========================================================================
Received Import Request.
  Time since last request: 0.000265 seconds.
  path: Assets/Materials/UI Opaque.mat
  artifactKey: Guid(8934f7763af9e41ee8845ae14c5473f1) Importer(815301076,1909f56bfc062723c751e8b465ee728b)
Start importing Assets/Materials/UI Opaque.mat using Guid(8934f7763af9e41ee8845ae14c5473f1) Importer(815301076,1909f56bfc062723c751e8b465ee728b)  -> (artifact id: '655d285a19e12dad5ea8f524aa8967f5') in 0.029292 seconds 
  Import took 0.036535 seconds .

========================================================================
Received Import Request.
  Time since last request: 0.000300 seconds.
  path: Assets/Materials
  artifactKey: Guid(a5289e1b1e8a120488785ae4de0f89ee) Importer(815301076,1909f56bfc062723c751e8b465ee728b)
Start importing Assets/Materials using Guid(a5289e1b1e8a120488785ae4de0f89ee) Importer(815301076,1909f56bfc062723c751e8b465ee728b)  -> (artifact id: '63e7c5f5752845b0b0252b2b94f8f1b8') in 0.005123 seconds 
  Import took 0.011253 seconds .

========================================================================
Received Import Request.
  Time since last request: 0.000295 seconds.
  path: Assets/Materials/Slider Knob.mat
  artifactKey: Guid(2ac0972e5f0b5439998e30db4f1ab9c3) Importer(815301076,1909f56bfc062723c751e8b465ee728b)
Start importing Assets/Materials/Slider Knob.mat using Guid(2ac0972e5f0b5439998e30db4f1ab9c3) Importer(815301076,1909f56bfc062723c751e8b465ee728b)  -> (artifact id: '601b7fe5de25ec0c8d40cb314092ed29') in 0.034081 seconds 
  Import took 0.040528 seconds .

========================================================================
Received Import Request.
  Time since last request: 0.000284 seconds.
  path: Assets/Materials/Slider Fill.mat
  artifactKey: Guid(74069a396ef888d4ea96c33784281ac5) Importer(815301076,1909f56bfc062723c751e8b465ee728b)
Start importing Assets/Materials/Slider Fill.mat using Guid(74069a396ef888d4ea96c33784281ac5) Importer(815301076,1909f56bfc062723c751e8b465ee728b)  -> (artifact id: '116d76d4e433a4f0cb598ce8a3190967') in 0.050468 seconds 
  Import took 0.056060 seconds .

========================================================================
Received Import Request.
  Time since last request: 0.000316 seconds.
  path: Assets/Materials/Window.mat
  artifactKey: Guid(3cc66b78ab25c204f9b4d415d02e3abe) Importer(815301076,1909f56bfc062723c751e8b465ee728b)
Start importing Assets/Materials/Window.mat using Guid(3cc66b78ab25c204f9b4d415d02e3abe) Importer(815301076,1909f56bfc062723c751e8b465ee728b)  -> (artifact id: 'ffc57bc7eeca8e3dd26621be98461de0') in 0.061275 seconds 
  Import took 0.067535 seconds .

========================================================================
Received Prepare
Registering precompiled user dll's ...
Registered in 0.009002 seconds.
Begin MonoManager ReloadAssembly
Native extension for WindowsStandalone target not found
Refreshing native plugins compatible for Editor in 1.63 ms, found 3 plugins.
Preloading 0 native plugins for Editor in 0.00 ms.
Mono: successfully reloaded assembly
- Completed reload, in  1.610 seconds
Platform modules already initialized, skipping
Refreshing native plugins compatible for Editor in 1.51 ms, found 3 plugins.
Preloading 0 native plugins for Editor in 0.00 ms.
Unloading 3457 Unused Serialized files (Serialized files now loaded: 0)
System memory in use before: 139.7 MB.
System memory in use after: 139.9 MB.

Unloading 89 unused Assets to reduce memory usage. Loaded Objects now: 3977.
Total: 7.702500 ms (FindLiveObjects: 0.336700 ms CreateObjectMapping: 0.159800 ms MarkObjects: 7.102100 ms  DeleteObjects: 0.102400 ms)

AssetImportParameters requested are different than current active one (requested -> active):
  custom:framework-win-MediaFoundation: 216162199b28c13a410421893ffa2e32 -> 
  custom:video-decoder-ogg-theora: a1e56fd34408186e4bbccfd4996cb3dc -> 
  custom:container-muxer-webm: aa71ff27fc2769a1b78a27578f13a17b -> 
  custom:container-demuxer-webm: 4f35f7cbe854078d1ac9338744f61a02 -> 
  custom:container-demuxer-ogg: 62fdf1f143b41e24485cea50d1cbac27 -> 
  custom:video-encoder-webm-vp8: eb34c28f22e8b96e1ab97ce403110664 -> 
  custom:video-decoder-webm-vp8: 9c59270c3fd7afecdb556c50c9e8de78 -> 
  custom:audio-decoder-ogg-vorbis: bf7c407c2cedff20999df2af8eb42d56 -> 
  custom:audio-encoder-webm-vorbis: bf7c407c2cedff20999df2af8eb42d56 -> 
========================================================================
Received Import Request.
  Time since last request: 11.777829 seconds.
  path: Assets/Transparent.mat
  artifactKey: Guid(7efbf29b84de26444a81208509be222d) Importer(815301076,1909f56bfc062723c751e8b465ee728b)
Start importing Assets/Transparent.mat using Guid(7efbf29b84de26444a81208509be222d) Importer(815301076,1909f56bfc062723c751e8b465ee728b)  -> (artifact id: '96009569bda96c31e708a0cb79151fa3') in 0.074615 seconds 
  Import took 0.081232 seconds .

========================================================================
Received Import Request.
  Time since last request: 4.873173 seconds.
  path: Assets/Setup ManoMotion SDK Lite 0.3.rtf
  artifactKey: Guid(35dd16ae2cc1b4f1d9bfe9446bc3c499) Importer(815301076,1909f56bfc062723c751e8b465ee728b)
Start importing Assets/Setup ManoMotion SDK Lite 0.3.rtf using Guid(35dd16ae2cc1b4f1d9bfe9446bc3c499) Importer(815301076,1909f56bfc062723c751e8b465ee728b)  -> (artifact id: '5a00bb33bbaaf6e44d20b013bb1e7df5') in 0.015601 seconds 
  Import took 0.022902 seconds .

========================================================================
Received Import Request.
  Time since last request: 19.752006 seconds.
  path: Assets/XR
  artifactKey: Guid(585f41cd62163ad448c84375f6f51c14) Importer(815301076,1909f56bfc062723c751e8b465ee728b)
Start importing Assets/XR using Guid(585f41cd62163ad448c84375f6f51c14) Importer(815301076,1909f56bfc062723c751e8b465ee728b)  -> (artifact id: 'cf81a681beb8fc06345f28e832d642f7') in 0.007450 seconds 
  Import took 0.014788 seconds .

========================================================================
Received Import Request.
  Time since last request: 0.047194 seconds.
  path: Assets/XR/XRGeneralSettings.asset
  artifactKey: Guid(cf4ada41df0f86f4cbafda95955ba880) Importer(815301076,1909f56bfc062723c751e8b465ee728b)
Start importing Assets/XR/XRGeneralSettings.asset using Guid(cf4ada41df0f86f4cbafda95955ba880) Importer(815301076,1909f56bfc062723c751e8b465ee728b)  -> (artifact id: '7b989ca6bc249b19898afea4ff1c9ce7') in 0.014548 seconds 
  Import took 0.020726 seconds .

========================================================================
Received Import Request.
  Time since last request: 1.553340 seconds.
  path: Assets/XR/Loaders
  artifactKey: Guid(d407bdd36e6d22f44b4e9c1108120906) Importer(815301076,1909f56bfc062723c751e8b465ee728b)
Start importing Assets/XR/Loaders using Guid(d407bdd36e6d22f44b4e9c1108120906) Importer(815301076,1909f56bfc062723c751e8b465ee728b)  -> (artifact id: 'c88f616489b86beb8193467b51c1a02f') in 0.007290 seconds 
  Import took 0.013930 seconds .

========================================================================
Received Import Request.
  Time since last request: 0.047945 seconds.
  path: Assets/XR/Loaders/AR Core Loader.asset
  artifactKey: Guid(ebf604009e70ca041875f25b3a467e5b) Importer(815301076,1909f56bfc062723c751e8b465ee728b)
Start importing Assets/XR/Loaders/AR Core Loader.asset using Guid(ebf604009e70ca041875f25b3a467e5b) Importer(815301076,1909f56bfc062723c751e8b465ee728b)  -> (artifact id: '81864692dae82a5326662b09a2f6c287') in 0.007819 seconds 
  Import took 0.014173 seconds .

========================================================================
Received Import Request.
  Time since last request: 4.322204 seconds.
  path: Assets/Textures and Sprites
  artifactKey: Guid(e3a5123eeaeabcb47b68c25bd63af922) Importer(815301076,1909f56bfc062723c751e8b465ee728b)
Start importing Assets/Textures and Sprites using Guid(e3a5123eeaeabcb47b68c25bd63af922) Importer(815301076,1909f56bfc062723c751e8b465ee728b)  -> (artifact id: '2dc25df382983707376714b515c4ef6f') in 0.007078 seconds 
  Import took 0.021286 seconds .

========================================================================
Received Import Request.
  Time since last request: 0.345784 seconds.
  path: Assets/Textures and Sprites/RenderTexture.renderTexture
  artifactKey: Guid(b0eb721fa5d008e4283a54ab605d0bf4) Importer(815301076,1909f56bfc062723c751e8b465ee728b)
Start importing Assets/Textures and Sprites/RenderTexture.renderTexture using Guid(b0eb721fa5d008e4283a54ab605d0bf4) Importer(815301076,1909f56bfc062723c751e8b465ee728b)  -> (artifact id: 'd77702ce4671007b15fb8ae5ed9b5415') in 0.028089 seconds 
  Import took 0.035372 seconds .

========================================================================
Received Import Request.
  Time since last request: 1.292250 seconds.
  path: Assets/Textures and Sprites/Rounded UI
  artifactKey: Guid(04b3957d8ef9547418f259e4030ede00) Importer(815301076,1909f56bfc062723c751e8b465ee728b)
Start importing Assets/Textures and Sprites/Rounded UI using Guid(04b3957d8ef9547418f259e4030ede00) Importer(815301076,1909f56bfc062723c751e8b465ee728b)  -> (artifact id: 'd5e6f567ba45041e70b9eb2380d28368') in 0.006693 seconds 
  Import took 0.013201 seconds .

========================================================================
Received Import Request.
  Time since last request: 0.040795 seconds.
  path: Assets/Textures and Sprites/Rounded UI/UIButtonCorner.png
  artifactKey: Guid(f4c899d39b015484a9b4e5464802e401) Importer(815301076,1909f56bfc062723c751e8b465ee728b)
Start importing Assets/Textures and Sprites/Rounded UI/UIButtonCorner.png using Guid(f4c899d39b015484a9b4e5464802e401) Importer(815301076,1909f56bfc062723c751e8b465ee728b)  -> (artifact id: '77924a70b92b1a628b3fd9ea0206f191') in 0.043525 seconds 
  Import took 0.049434 seconds .

========================================================================
Received Import Request.
  Time since last request: 0.000322 seconds.
  path: Assets/Textures and Sprites/Rounded UI/UIToggleButton.png
  artifactKey: Guid(1238f32bb27c642c5b81174a099459f4) Importer(815301076,1909f56bfc062723c751e8b465ee728b)
Start importing Assets/Textures and Sprites/Rounded UI/UIToggleButton.png using Guid(1238f32bb27c642c5b81174a099459f4) Importer(815301076,1909f56bfc062723c751e8b465ee728b)  -> (artifact id: '0f40881bc7a12d680beb43b340859b65') in 0.024039 seconds 
  Import took 0.030474 seconds .

========================================================================
Received Import Request.
  Time since last request: 0.000316 seconds.
  path: Assets/Textures and Sprites/Rounded UI/UIPanel.png
  artifactKey: Guid(935962ddb1e44499dad00e5ca6b38823) Importer(815301076,1909f56bfc062723c751e8b465ee728b)
Start importing Assets/Textures and Sprites/Rounded UI/UIPanel.png using Guid(935962ddb1e44499dad00e5ca6b38823) Importer(815301076,1909f56bfc062723c751e8b465ee728b)  -> (artifact id: '265c2291c813702654266fa5f60a562b') in 0.044438 seconds 
  Import took 0.050807 seconds .

========================================================================
Received Import Request.
  Time since last request: 0.000291 seconds.
  path: Assets/Textures and Sprites/Rounded UI/UIButtonDefault.png
  artifactKey: Guid(967c7b47090d34cf090c40749e45f0b4) Importer(815301076,1909f56bfc062723c751e8b465ee728b)
Start importing Assets/Textures and Sprites/Rounded UI/UIButtonDefault.png using Guid(967c7b47090d34cf090c40749e45f0b4) Importer(815301076,1909f56bfc062723c751e8b465ee728b)  -> (artifact id: '11cced996284696df73e453dd49accf5') in 0.030389 seconds 
  Import took 0.036532 seconds .

========================================================================
Received Prepare
Registering precompiled user dll's ...
Registered in 0.009189 seconds.
Begin MonoManager ReloadAssembly
Native extension for WindowsStandalone target not found
Refreshing native plugins compatible for Editor in 2.70 ms, found 3 plugins.
Preloading 0 native plugins for Editor in 0.00 ms.
Mono: successfully reloaded assembly
- Completed reload, in  1.506 seconds
Platform modules already initialized, skipping
Refreshing native plugins compatible for Editor in 1.50 ms, found 3 plugins.
Preloading 0 native plugins for Editor in 0.00 ms.
Unloading 3457 Unused Serialized files (Serialized files now loaded: 0)
System memory in use before: 140.0 MB.
System memory in use after: 140.2 MB.

Unloading 89 unused Assets to reduce memory usage. Loaded Objects now: 3994.
Total: 7.125600 ms (FindLiveObjects: 0.346700 ms CreateObjectMapping: 0.192700 ms MarkObjects: 6.487000 ms  DeleteObjects: 0.098000 ms)

AssetImportParameters requested are different than current active one (requested -> active):
  custom:framework-win-MediaFoundation: 216162199b28c13a410421893ffa2e32 -> 
  custom:video-decoder-ogg-theora: a1e56fd34408186e4bbccfd4996cb3dc -> 
  custom:container-muxer-webm: aa71ff27fc2769a1b78a27578f13a17b -> 
  custom:container-demuxer-webm: 4f35f7cbe854078d1ac9338744f61a02 -> 
  custom:container-demuxer-ogg: 62fdf1f143b41e24485cea50d1cbac27 -> 
  custom:video-encoder-webm-vp8: eb34c28f22e8b96e1ab97ce403110664 -> 
  custom:video-decoder-webm-vp8: 9c59270c3fd7afecdb556c50c9e8de78 -> 
  custom:audio-decoder-ogg-vorbis: bf7c407c2cedff20999df2af8eb42d56 -> 
  custom:audio-encoder-webm-vorbis: bf7c407c2cedff20999df2af8eb42d56 -> 
========================================================================
Received Import Request.
  Time since last request: 111.723630 seconds.
  path: Assets/UnityARKitPlugin
  artifactKey: Guid(df38125cf15df453a98ce2d798a5e954) Importer(815301076,1909f56bfc062723c751e8b465ee728b)
Start importing Assets/UnityARKitPlugin using Guid(df38125cf15df453a98ce2d798a5e954) Importer(815301076,1909f56bfc062723c751e8b465ee728b)  -> (artifact id: '869601fd48064325cfd4bfd89a11f1ef') in 0.012173 seconds 
  Import took 0.018967 seconds .

========================================================================
Received Import Request.
  Time since last request: 28.227446 seconds.
  path: Assets/UnityFileDebug
  artifactKey: Guid(f739d5468febb0949a05b82e5dd880ea) Importer(815301076,1909f56bfc062723c751e8b465ee728b)
Start importing Assets/UnityFileDebug using Guid(f739d5468febb0949a05b82e5dd880ea) Importer(815301076,1909f56bfc062723c751e8b465ee728b)  -> (artifact id: 'add04a71eb61eb40b04b2afee89d779f') in 0.007865 seconds 
  Import took 0.015003 seconds .

========================================================================
Received Import Request.
  Time since last request: 0.002148 seconds.
  path: Assets/UnityFileDebug
  artifactKey: Guid(f739d5468febb0949a05b82e5dd880ea) Importer(815301076,1909f56bfc062723c751e8b465ee728b)
Start importing Assets/UnityFileDebug using Guid(f739d5468febb0949a05b82e5dd880ea) Importer(815301076,1909f56bfc062723c751e8b465ee728b)  -> (artifact id: 'add04a71eb61eb40b04b2afee89d779f') in 0.001928 seconds 
  Import took 0.008664 seconds .

========================================================================
Received Import Request.
  Time since last request: 8.632536 seconds.
  path: Assets/wrld-flight-simulator-tutorial
  artifactKey: Guid(420c64a7ce5ac074e9731a03ae3d932d) Importer(815301076,1909f56bfc062723c751e8b465ee728b)
Start importing Assets/wrld-flight-simulator-tutorial using Guid(420c64a7ce5ac074e9731a03ae3d932d) Importer(815301076,1909f56bfc062723c751e8b465ee728b)  -> (artifact id: 'c865823c477ac8d71eb16fe496436663') in 0.021733 seconds 
  Import took 0.034460 seconds .

========================================================================
Received Prepare
Registering precompiled user dll's ...
Registered in 0.009919 seconds.
Begin MonoManager ReloadAssembly
Native extension for WindowsStandalone target not found
Refreshing native plugins compatible for Editor in 1.56 ms, found 3 plugins.
Preloading 0 native plugins for Editor in 0.00 ms.
Mono: successfully reloaded assembly
- Completed reload, in  1.507 seconds
Platform modules already initialized, skipping
Refreshing native plugins compatible for Editor in 1.53 ms, found 3 plugins.
Preloading 0 native plugins for Editor in 0.00 ms.
Unloading 3457 Unused Serialized files (Serialized files now loaded: 0)
System memory in use before: 140.0 MB.
System memory in use after: 140.2 MB.

Unloading 89 unused Assets to reduce memory usage. Loaded Objects now: 3998.
Total: 10.904900 ms (FindLiveObjects: 0.402400 ms CreateObjectMapping: 0.213500 ms MarkObjects: 10.149000 ms  DeleteObjects: 0.138000 ms)

AssetImportParameters requested are different than current active one (requested -> active):
  custom:framework-win-MediaFoundation: 216162199b28c13a410421893ffa2e32 -> 
  custom:video-decoder-ogg-theora: a1e56fd34408186e4bbccfd4996cb3dc -> 
  custom:container-muxer-webm: aa71ff27fc2769a1b78a27578f13a17b -> 
  custom:container-demuxer-webm: 4f35f7cbe854078d1ac9338744f61a02 -> 
  custom:container-demuxer-ogg: 62fdf1f143b41e24485cea50d1cbac27 -> 
  custom:video-encoder-webm-vp8: eb34c28f22e8b96e1ab97ce403110664 -> 
  custom:video-decoder-webm-vp8: 9c59270c3fd7afecdb556c50c9e8de78 -> 
  custom:audio-decoder-ogg-vorbis: bf7c407c2cedff20999df2af8eb42d56 -> 
  custom:audio-encoder-webm-vorbis: bf7c407c2cedff20999df2af8eb42d56 -> 
========================================================================
Received Prepare
Registering precompiled user dll's ...
Registered in 0.008912 seconds.
Begin MonoManager ReloadAssembly
Native extension for WindowsStandalone target not found
Refreshing native plugins compatible for Editor in 1.45 ms, found 3 plugins.
Preloading 0 native plugins for Editor in 0.00 ms.
Mono: successfully reloaded assembly
- Completed reload, in  1.521 seconds
Platform modules already initialized, skipping
Refreshing native plugins compatible for Editor in 1.53 ms, found 3 plugins.
Preloading 0 native plugins for Editor in 0.00 ms.
Unloading 3455 Unused Serialized files (Serialized files now loaded: 0)
System memory in use before: 140.0 MB.
System memory in use after: 140.2 MB.

Unloading 91 unused Assets to reduce memory usage. Loaded Objects now: 4000.
Total: 9.619800 ms (FindLiveObjects: 0.565200 ms CreateObjectMapping: 0.249500 ms MarkObjects: 8.717700 ms  DeleteObjects: 0.086200 ms)

AssetImportParameters requested are different than current active one (requested -> active):
  custom:framework-win-MediaFoundation: 216162199b28c13a410421893ffa2e32 -> 
  custom:video-decoder-ogg-theora: a1e56fd34408186e4bbccfd4996cb3dc -> 
  custom:container-muxer-webm: aa71ff27fc2769a1b78a27578f13a17b -> 
  custom:container-demuxer-webm: 4f35f7cbe854078d1ac9338744f61a02 -> 
  custom:container-demuxer-ogg: 62fdf1f143b41e24485cea50d1cbac27 -> 
  custom:video-encoder-webm-vp8: eb34c28f22e8b96e1ab97ce403110664 -> 
  custom:video-decoder-webm-vp8: 9c59270c3fd7afecdb556c50c9e8de78 -> 
  custom:audio-decoder-ogg-vorbis: bf7c407c2cedff20999df2af8eb42d56 -> 
  custom:audio-encoder-webm-vorbis: bf7c407c2cedff20999df2af8eb42d56 -> 
========================================================================
Received Import Request.
  Time since last request: 27.939932 seconds.
  path: Assets/TextMesh Pro
  artifactKey: Guid(f54d1bd14bd3ca042bd867b519fee8cc) Importer(815301076,1909f56bfc062723c751e8b465ee728b)
Start importing Assets/TextMesh Pro using Guid(f54d1bd14bd3ca042bd867b519fee8cc) Importer(815301076,1909f56bfc062723c751e8b465ee728b)  -> (artifact id: '16b4cbde9565bf190136f1148817e1ea') in 0.009470 seconds 
  Import took 0.015700 seconds .

========================================================================
Received Import Request.
  Time since last request: 10.865621 seconds.
  path: Assets/Wrld SDK Samples
  artifactKey: Guid(5aa3f3ae1268747c1bc0c35aa2ed2bcb) Importer(815301076,1909f56bfc062723c751e8b465ee728b)
Start importing Assets/Wrld SDK Samples using Guid(5aa3f3ae1268747c1bc0c35aa2ed2bcb) Importer(815301076,1909f56bfc062723c751e8b465ee728b)  -> (artifact id: '37dc696e555a0192c2e80778479aafba') in 0.007161 seconds 
  Import took 0.015556 seconds .

========================================================================
Received Import Request.
  Time since last request: 5.816407 seconds.
  path: Assets/Wrld
  artifactKey: Guid(33981c96a62cc424dbb18ae1deffc037) Importer(815301076,1909f56bfc062723c751e8b465ee728b)
Start importing Assets/Wrld using Guid(33981c96a62cc424dbb18ae1deffc037) Importer(815301076,1909f56bfc062723c751e8b465ee728b)  -> (artifact id: 'e5df0a57beaab3b34522e2934b8ce36d') in 0.016158 seconds 
  Import took 0.026164 seconds .

========================================================================
Received Prepare
Registering precompiled user dll's ...
Registered in 0.008501 seconds.
Begin MonoManager ReloadAssembly
Native extension for WindowsStandalone target not found
Refreshing native plugins compatible for Editor in 1.77 ms, found 3 plugins.
Preloading 0 native plugins for Editor in 0.00 ms.
Mono: successfully reloaded assembly
- Completed reload, in  1.627 seconds
Platform modules already initialized, skipping
Refreshing native plugins compatible for Editor in 1.57 ms, found 3 plugins.
Preloading 0 native plugins for Editor in 0.00 ms.
Unloading 3455 Unused Serialized files (Serialized files now loaded: 0)
System memory in use before: 140.0 MB.
System memory in use after: 140.2 MB.

Unloading 89 unused Assets to reduce memory usage. Loaded Objects now: 4004.
Total: 8.271800 ms (FindLiveObjects: 0.456700 ms CreateObjectMapping: 0.148000 ms MarkObjects: 7.516400 ms  DeleteObjects: 0.149600 ms)

AssetImportParameters requested are different than current active one (requested -> active):
  custom:framework-win-MediaFoundation: 216162199b28c13a410421893ffa2e32 -> 
  custom:video-decoder-ogg-theora: a1e56fd34408186e4bbccfd4996cb3dc -> 
  custom:container-muxer-webm: aa71ff27fc2769a1b78a27578f13a17b -> 
  custom:container-demuxer-webm: 4f35f7cbe854078d1ac9338744f61a02 -> 
  custom:container-demuxer-ogg: 62fdf1f143b41e24485cea50d1cbac27 -> 
  custom:video-encoder-webm-vp8: eb34c28f22e8b96e1ab97ce403110664 -> 
  custom:video-decoder-webm-vp8: 9c59270c3fd7afecdb556c50c9e8de78 -> 
  custom:audio-decoder-ogg-vorbis: bf7c407c2cedff20999df2af8eb42d56 -> 
  custom:audio-encoder-webm-vorbis: bf7c407c2cedff20999df2af8eb42d56 -> 
========================================================================
Received Import Request.
  Time since last request: 24.231303 seconds.
  path: Assets/Radial Menu Framework
  artifactKey: Guid(aea467157cb4488488755ced076c6cf0) Importer(815301076,1909f56bfc062723c751e8b465ee728b)
Start importing Assets/Radial Menu Framework using Guid(aea467157cb4488488755ced076c6cf0) Importer(815301076,1909f56bfc062723c751e8b465ee728b)  -> (artifact id: '4be64deef9d9c314da4437bd128963fc') in 0.009829 seconds 
  Import took 0.016151 seconds .

========================================================================
Received Import Request.
  Time since last request: 0.000801 seconds.
  path: Assets/Radial Menu Framework
  artifactKey: Guid(aea467157cb4488488755ced076c6cf0) Importer(815301076,1909f56bfc062723c751e8b465ee728b)
Start importing Assets/Radial Menu Framework using Guid(aea467157cb4488488755ced076c6cf0) Importer(815301076,1909f56bfc062723c751e8b465ee728b)  -> (artifact id: '4be64deef9d9c314da4437bd128963fc') in 0.002385 seconds 
  Import took 0.009320 seconds .

========================================================================
Received Import Request.
  Time since last request: 4.080981 seconds.
  path: Assets/Radial Menu Framework/Example.unity
  artifactKey: Guid(863db21f8e7c84a4590d10c26e3b0795) Importer(815301076,1909f56bfc062723c751e8b465ee728b)
Start importing Assets/Radial Menu Framework/Example.unity using Guid(863db21f8e7c84a4590d10c26e3b0795) Importer(815301076,1909f56bfc062723c751e8b465ee728b)  -> (artifact id: '37b1feff84caf05431964683fe4970d9') in 0.018520 seconds 
  Import took 0.024502 seconds .

========================================================================
Received Import Request.
  Time since last request: 27.632788 seconds.
  path: Assets/Radial Menu Framework/Prefabs
  artifactKey: Guid(481cce6425b3e3f4aaf8c32116f79d39) Importer(815301076,1909f56bfc062723c751e8b465ee728b)
Start importing Assets/Radial Menu Framework/Prefabs using Guid(481cce6425b3e3f4aaf8c32116f79d39) Importer(815301076,1909f56bfc062723c751e8b465ee728b)  -> (artifact id: '38ea34c8452d6105892abbf3fe40f1a6') in 0.008417 seconds 
  Import took 0.014936 seconds .

========================================================================
Received Prepare
Registering precompiled user dll's ...
Registered in 0.011790 seconds.
Begin MonoManager ReloadAssembly
Native extension for WindowsStandalone target not found
Refreshing native plugins compatible for Editor in 2.55 ms, found 3 plugins.
Preloading 0 native plugins for Editor in 0.00 ms.
Mono: successfully reloaded assembly
- Completed reload, in  1.688 seconds
Platform modules already initialized, skipping
Refreshing native plugins compatible for Editor in 1.50 ms, found 3 plugins.
Preloading 0 native plugins for Editor in 0.00 ms.
Unloading 3455 Unused Serialized files (Serialized files now loaded: 0)
System memory in use before: 140.0 MB.
System memory in use after: 140.2 MB.

Unloading 89 unused Assets to reduce memory usage. Loaded Objects now: 4008.
Total: 8.127500 ms (FindLiveObjects: 0.353700 ms CreateObjectMapping: 0.157300 ms MarkObjects: 7.435700 ms  DeleteObjects: 0.179600 ms)

AssetImportParameters requested are different than current active one (requested -> active):
  custom:framework-win-MediaFoundation: 216162199b28c13a410421893ffa2e32 -> 
  custom:video-decoder-ogg-theora: a1e56fd34408186e4bbccfd4996cb3dc -> 
  custom:container-muxer-webm: aa71ff27fc2769a1b78a27578f13a17b -> 
  custom:container-demuxer-webm: 4f35f7cbe854078d1ac9338744f61a02 -> 
  custom:container-demuxer-ogg: 62fdf1f143b41e24485cea50d1cbac27 -> 
  custom:video-encoder-webm-vp8: eb34c28f22e8b96e1ab97ce403110664 -> 
  custom:video-decoder-webm-vp8: 9c59270c3fd7afecdb556c50c9e8de78 -> 
  custom:audio-decoder-ogg-vorbis: bf7c407c2cedff20999df2af8eb42d56 -> 
  custom:audio-encoder-webm-vorbis: bf7c407c2cedff20999df2af8eb42d56 -> 
========================================================================
Received Import Request.
  Time since last request: 14.601188 seconds.
  path: Assets/Models
  artifactKey: Guid(f44d0ca8767b76d43a5e1155e7189c0f) Importer(815301076,1909f56bfc062723c751e8b465ee728b)
Start importing Assets/Models using Guid(f44d0ca8767b76d43a5e1155e7189c0f) Importer(815301076,1909f56bfc062723c751e8b465ee728b)  -> (artifact id: '9016602f289a4f0af24cea471bc97213') in 0.010039 seconds 
  Import took 0.015669 seconds .

========================================================================
Received Import Request.
  Time since last request: 0.000318 seconds.
  path: Assets/Models/vehicle_rcFlyer_clean.fbx
  artifactKey: Guid(dd8c80a5a447f04418da146781b05fd8) Importer(815301076,1909f56bfc062723c751e8b465ee728b)
Start importing Assets/Models/vehicle_rcFlyer_clean.fbx using Guid(dd8c80a5a447f04418da146781b05fd8) Importer(815301076,1909f56bfc062723c751e8b465ee728b)  -> (artifact id: 'c0ae4799b27e23261555b65ca02766d7') in 1.135932 seconds 
  Import took 1.143620 seconds .

========================================================================
Received Prepare
Registering precompiled user dll's ...
Registered in 0.008774 seconds.
Begin MonoManager ReloadAssembly
Native extension for WindowsStandalone target not found
Refreshing native plugins compatible for Editor in 1.46 ms, found 3 plugins.
Preloading 0 native plugins for Editor in 0.00 ms.
Mono: successfully reloaded assembly
- Completed reload, in  1.492 seconds
Platform modules already initialized, skipping
Refreshing native plugins compatible for Editor in 1.66 ms, found 3 plugins.
Preloading 0 native plugins for Editor in 0.00 ms.
Unloading 3455 Unused Serialized files (Serialized files now loaded: 0)
System memory in use before: 140.2 MB.
System memory in use after: 140.4 MB.

Unloading 89 unused Assets to reduce memory usage. Loaded Objects now: 4016.
Total: 6.404300 ms (FindLiveObjects: 0.302200 ms CreateObjectMapping: 0.163500 ms MarkObjects: 5.828900 ms  DeleteObjects: 0.108700 ms)

AssetImportParameters requested are different than current active one (requested -> active):
  custom:framework-win-MediaFoundation: 216162199b28c13a410421893ffa2e32 -> 
  custom:video-decoder-ogg-theora: a1e56fd34408186e4bbccfd4996cb3dc -> 
  custom:container-muxer-webm: aa71ff27fc2769a1b78a27578f13a17b -> 
  custom:container-demuxer-webm: 4f35f7cbe854078d1ac9338744f61a02 -> 
  custom:container-demuxer-ogg: 62fdf1f143b41e24485cea50d1cbac27 -> 
  custom:video-encoder-webm-vp8: eb34c28f22e8b96e1ab97ce403110664 -> 
  custom:video-decoder-webm-vp8: 9c59270c3fd7afecdb556c50c9e8de78 -> 
  custom:audio-decoder-ogg-vorbis: bf7c407c2cedff20999df2af8eb42d56 -> 
  custom:audio-encoder-webm-vorbis: bf7c407c2cedff20999df2af8eb42d56 -> 
========================================================================
Received Import Request.
  Time since last request: 21.598154 seconds.
  path: Assets/PlayServicesResolver/Editor
  artifactKey: Guid(f5134f523e5e148eaacc726ea44f0bc3) Importer(815301076,1909f56bfc062723c751e8b465ee728b)
Start importing Assets/PlayServicesResolver/Editor using Guid(f5134f523e5e148eaacc726ea44f0bc3) Importer(815301076,1909f56bfc062723c751e8b465ee728b)  -> (artifact id: 'e18b961f9321dcd4316209eeaef842e6') in 0.011770 seconds 
  Import took 0.018458 seconds .

========================================================================
Received Import Request.
  Time since last request: 5.409146 seconds.
  path: Assets/Planet Earth
  artifactKey: Guid(e31153186726bbe458c41c8370d24046) Importer(815301076,1909f56bfc062723c751e8b465ee728b)
Start importing Assets/Planet Earth using Guid(e31153186726bbe458c41c8370d24046) Importer(815301076,1909f56bfc062723c751e8b465ee728b)  -> (artifact id: '0ac4b35987a9a20695410a31ad532cc7') in 0.015295 seconds 
  Import took 0.024248 seconds .

========================================================================
Received Import Request.
  Time since last request: 0.662278 seconds.
  path: Assets/Planet Earth/Earth_Low_Poly.prefab
  artifactKey: Guid(48dbc60886322d24b86662818ce88ef8) Importer(815301076,1909f56bfc062723c751e8b465ee728b)
Start importing Assets/Planet Earth/Earth_Low_Poly.prefab using Guid(48dbc60886322d24b86662818ce88ef8) Importer(815301076,1909f56bfc062723c751e8b465ee728b)  -> (artifact id: '11f7566edb391f8146293a287539f7a9') in 0.207113 seconds 
  Import took 0.214733 seconds .

========================================================================
Received Import Request.
  Time since last request: 2.182214 seconds.
  path: Assets/Planet Earth/Main_Scene.unity
  artifactKey: Guid(7251db67f3ebcf444b8c7d6032bdef1b) Importer(815301076,1909f56bfc062723c751e8b465ee728b)
Start importing Assets/Planet Earth/Main_Scene.unity using Guid(7251db67f3ebcf444b8c7d6032bdef1b) Importer(815301076,1909f56bfc062723c751e8b465ee728b)  -> (artifact id: '099615d9e657c82cba443a47884ab8c7') in 0.007868 seconds 
  Import took 0.015830 seconds .

========================================================================
Received Import Request.
  Time since last request: 10.882148 seconds.
  path: Assets/Planet Earth/Materials
  artifactKey: Guid(e741852804e3f4d4dae513e7e7bb1600) Importer(815301076,1909f56bfc062723c751e8b465ee728b)
Start importing Assets/Planet Earth/Materials using Guid(e741852804e3f4d4dae513e7e7bb1600) Importer(815301076,1909f56bfc062723c751e8b465ee728b)  -> (artifact id: '0a8c4223b8ef911494c9dd592bfee2e3') in 0.002228 seconds 
  Import took 0.010209 seconds .

========================================================================
Received Import Request.
  Time since last request: 0.000911 seconds.
  path: Assets/Planet Earth/Materials
  artifactKey: Guid(e741852804e3f4d4dae513e7e7bb1600) Importer(815301076,1909f56bfc062723c751e8b465ee728b)
Start importing Assets/Planet Earth/Materials using Guid(e741852804e3f4d4dae513e7e7bb1600) Importer(815301076,1909f56bfc062723c751e8b465ee728b)  -> (artifact id: '0a8c4223b8ef911494c9dd592bfee2e3') in 0.001774 seconds 
  Import took 0.009317 seconds .

========================================================================
Received Import Request.
  Time since last request: 0.037397 seconds.
  path: Assets/Planet Earth/Materials/Earth_Ground.mat
  artifactKey: Guid(7eeebed68b03e504d97d4196d4b56ac2) Importer(815301076,1909f56bfc062723c751e8b465ee728b)
Start importing Assets/Planet Earth/Materials/Earth_Ground.mat using Guid(7eeebed68b03e504d97d4196d4b56ac2) Importer(815301076,1909f56bfc062723c751e8b465ee728b)  -> (artifact id: 'c49414911795056735171f72ebda8881') in 0.024911 seconds 
  Import took 0.031756 seconds .

========================================================================
Received Import Request.
  Time since last request: 0.000274 seconds.
  path: Assets/Planet Earth/Materials/Earth_Water.mat
  artifactKey: Guid(6fbab05b7460cfc4b9f514f85d301b6d) Importer(815301076,1909f56bfc062723c751e8b465ee728b)
Start importing Assets/Planet Earth/Materials/Earth_Water.mat using Guid(6fbab05b7460cfc4b9f514f85d301b6d) Importer(815301076,1909f56bfc062723c751e8b465ee728b)  -> (artifact id: '3a0212543b5d868a12ab7d82ef59d23e') in 0.012186 seconds 
  Import took 0.019412 seconds .

========================================================================
Received Import Request.
  Time since last request: 1.373572 seconds.
  path: Assets/Planet Earth/Textures/Earth_Ground_Gradient_Ramp.tga
  artifactKey: Guid(bbaa62fbe57ebcf4ba06ae768ea01cfb) Importer(815301076,1909f56bfc062723c751e8b465ee728b)
Start importing Assets/Planet Earth/Textures/Earth_Ground_Gradient_Ramp.tga using Guid(bbaa62fbe57ebcf4ba06ae768ea01cfb) Importer(815301076,1909f56bfc062723c751e8b465ee728b)  -> (artifact id: 'c87d92b8f049d5aace08a286db355aff') in 0.047637 seconds 
  Import took 0.054678 seconds .

========================================================================
Received Import Request.
  Time since last request: 0.001931 seconds.
  path: Assets/Planet Earth/Textures/Earth_Ground_Gradient_Ramp.tga
  artifactKey: Guid(bbaa62fbe57ebcf4ba06ae768ea01cfb) Importer(815301076,1909f56bfc062723c751e8b465ee728b)
Start importing Assets/Planet Earth/Textures/Earth_Ground_Gradient_Ramp.tga using Guid(bbaa62fbe57ebcf4ba06ae768ea01cfb) Importer(815301076,1909f56bfc062723c751e8b465ee728b)  -> (artifact id: 'c87d92b8f049d5aace08a286db355aff') in 0.006817 seconds 
  Import took 0.014670 seconds .

========================================================================
Received Import Request.
  Time since last request: 3.957282 seconds.
  path: Assets/Planet Earth/3D model
  artifactKey: Guid(a5ace0cb07c5ddb47b12884051134ead) Importer(815301076,1909f56bfc062723c751e8b465ee728b)
Start importing Assets/Planet Earth/3D model using Guid(a5ace0cb07c5ddb47b12884051134ead) Importer(815301076,1909f56bfc062723c751e8b465ee728b)  -> (artifact id: '8805535f8e3e6c40cc1ab6cc7d58a00e') in 0.007417 seconds 
  Import took 0.014802 seconds .

========================================================================
Received Import Request.
  Time since last request: 0.041716 seconds.
  path: Assets/Planet Earth/3D model/Earth.fbx
  artifactKey: Guid(b63fa702bfbfc704ebc35ca4537c017a) Importer(815301076,1909f56bfc062723c751e8b465ee728b)
Start importing Assets/Planet Earth/3D model/Earth.fbx using Guid(b63fa702bfbfc704ebc35ca4537c017a) Importer(815301076,1909f56bfc062723c751e8b465ee728b)  -> (artifact id: '488d9d46640d43c1c2d0391ded95dd14') in 0.038748 seconds 
  Import took 0.046232 seconds .

========================================================================
Received Import Request.
  Time since last request: 0.000301 seconds.
  path: Assets/Planet Earth/3D model/Earth5.fbx
  artifactKey: Guid(5b49c047ed7d1e046bd1509c383612d3) Importer(815301076,1909f56bfc062723c751e8b465ee728b)
Start importing Assets/Planet Earth/3D model/Earth5.fbx using Guid(5b49c047ed7d1e046bd1509c383612d3) Importer(815301076,1909f56bfc062723c751e8b465ee728b)  -> (artifact id: 'db2ccf8187f012e2b9b7603cbf9f6468') in 0.024722 seconds 
  Import took 0.030888 seconds .

========================================================================
Received Import Request.
  Time since last request: 0.000341 seconds.
  path: Assets/Planet Earth/3D model/Earth_Low_Poly.FBX
  artifactKey: Guid(232b6e1fb46dd414e8906c59e1ee00a1) Importer(815301076,1909f56bfc062723c751e8b465ee728b)
Start importing Assets/Planet Earth/3D model/Earth_Low_Poly.FBX using Guid(232b6e1fb46dd414e8906c59e1ee00a1) Importer(815301076,1909f56bfc062723c751e8b465ee728b)  -> (artifact id: 'c491fef5f512befc9a46a1f7e227b2f8') in 0.039260 seconds 
  Import took 0.047239 seconds .

========================================================================
Received Import Request.
  Time since last request: 0.000321 seconds.
  path: Assets/Planet Earth/3D model/Earth2.fbx
  artifactKey: Guid(a49ec3453aba03f41864af18978dc819) Importer(815301076,1909f56bfc062723c751e8b465ee728b)
Start importing Assets/Planet Earth/3D model/Earth2.fbx using Guid(a49ec3453aba03f41864af18978dc819) Importer(815301076,1909f56bfc062723c751e8b465ee728b)  -> (artifact id: '5717d14204034bdd0503ba68d365ee99') in 0.026043 seconds 
  Import took 0.032112 seconds .

========================================================================
Received Import Request.
  Time since last request: 0.000306 seconds.
  path: Assets/Planet Earth/3D model/Earth4.fbx
  artifactKey: Guid(81fb92c565e019f44b20669d9b1fd420) Importer(815301076,1909f56bfc062723c751e8b465ee728b)
Start importing Assets/Planet Earth/3D model/Earth4.fbx using Guid(81fb92c565e019f44b20669d9b1fd420) Importer(815301076,1909f56bfc062723c751e8b465ee728b)  -> (artifact id: '13c9f7249a7ef18f29a309753bf36270') in 0.029268 seconds 
  Import took 0.034916 seconds .

========================================================================
Received Import Request.
  Time since last request: 0.000299 seconds.
  path: Assets/Planet Earth/3D model/Earth3.fbx
  artifactKey: Guid(f9e40fa39b9dfc941bdc40deb4f9d75c) Importer(815301076,1909f56bfc062723c751e8b465ee728b)
Start importing Assets/Planet Earth/3D model/Earth3.fbx using Guid(f9e40fa39b9dfc941bdc40deb4f9d75c) Importer(815301076,1909f56bfc062723c751e8b465ee728b)  -> (artifact id: 'b0200a18c8a17eaba6eb5934e1b10afa') in 0.023033 seconds 
  Import took 0.029262 seconds .

========================================================================
Received Prepare
Registering precompiled user dll's ...
Registered in 0.011433 seconds.
Begin MonoManager ReloadAssembly
Native extension for WindowsStandalone target not found
Refreshing native plugins compatible for Editor in 2.13 ms, found 3 plugins.
Preloading 0 native plugins for Editor in 0.00 ms.
Mono: successfully reloaded assembly
- Completed reload, in  1.656 seconds
Platform modules already initialized, skipping
Refreshing native plugins compatible for Editor in 1.48 ms, found 3 plugins.
Preloading 0 native plugins for Editor in 0.00 ms.
Unloading 3455 Unused Serialized files (Serialized files now loaded: 0)
System memory in use before: 140.3 MB.
System memory in use after: 140.5 MB.

Unloading 89 unused Assets to reduce memory usage. Loaded Objects now: 4021.
Total: 7.515800 ms (FindLiveObjects: 0.386900 ms CreateObjectMapping: 0.269900 ms MarkObjects: 6.769500 ms  DeleteObjects: 0.088200 ms)

AssetImportParameters requested are different than current active one (requested -> active):
  custom:framework-win-MediaFoundation: 216162199b28c13a410421893ffa2e32 -> 
  custom:video-decoder-ogg-theora: a1e56fd34408186e4bbccfd4996cb3dc -> 
  custom:container-muxer-webm: aa71ff27fc2769a1b78a27578f13a17b -> 
  custom:container-demuxer-webm: 4f35f7cbe854078d1ac9338744f61a02 -> 
  custom:container-demuxer-ogg: 62fdf1f143b41e24485cea50d1cbac27 -> 
  custom:video-encoder-webm-vp8: eb34c28f22e8b96e1ab97ce403110664 -> 
  custom:video-decoder-webm-vp8: 9c59270c3fd7afecdb556c50c9e8de78 -> 
  custom:audio-decoder-ogg-vorbis: bf7c407c2cedff20999df2af8eb42d56 -> 
  custom:audio-encoder-webm-vorbis: bf7c407c2cedff20999df2af8eb42d56 -> 
========================================================================
Received Prepare
Registering precompiled user dll's ...
Registered in 0.010790 seconds.
Begin MonoManager ReloadAssembly
Native extension for WindowsStandalone target not found
Refreshing native plugins compatible for Editor in 1.49 ms, found 3 plugins.
Preloading 0 native plugins for Editor in 0.00 ms.
Mono: successfully reloaded assembly
- Completed reload, in  1.669 seconds
Platform modules already initialized, skipping
Refreshing native plugins compatible for Editor in 1.50 ms, found 3 plugins.
Preloading 0 native plugins for Editor in 0.00 ms.
Unloading 3455 Unused Serialized files (Serialized files now loaded: 0)
System memory in use before: 140.3 MB.
System memory in use after: 140.5 MB.

Unloading 89 unused Assets to reduce memory usage. Loaded Objects now: 4025.
Total: 7.111400 ms (FindLiveObjects: 0.317300 ms CreateObjectMapping: 0.171200 ms MarkObjects: 6.517500 ms  DeleteObjects: 0.103900 ms)

AssetImportParameters requested are different than current active one (requested -> active):
  custom:framework-win-MediaFoundation: 216162199b28c13a410421893ffa2e32 -> 
  custom:video-decoder-ogg-theora: a1e56fd34408186e4bbccfd4996cb3dc -> 
  custom:container-muxer-webm: aa71ff27fc2769a1b78a27578f13a17b -> 
  custom:container-demuxer-webm: 4f35f7cbe854078d1ac9338744f61a02 -> 
  custom:container-demuxer-ogg: 62fdf1f143b41e24485cea50d1cbac27 -> 
  custom:video-encoder-webm-vp8: eb34c28f22e8b96e1ab97ce403110664 -> 
  custom:video-decoder-webm-vp8: 9c59270c3fd7afecdb556c50c9e8de78 -> 
  custom:audio-decoder-ogg-vorbis: bf7c407c2cedff20999df2af8eb42d56 -> 
  custom:audio-encoder-webm-vorbis: bf7c407c2cedff20999df2af8eb42d56 -> 
========================================================================
Received Import Request.
  Time since last request: 266.736217 seconds.
  path: Assets/_External Tools/Wrld/API
  artifactKey: Guid(fdf5d3e8d4f29e5409d06c95ff28a427) Importer(815301076,1909f56bfc062723c751e8b465ee728b)
Start importing Assets/_External Tools/Wrld/API using Guid(fdf5d3e8d4f29e5409d06c95ff28a427) Importer(815301076,1909f56bfc062723c751e8b465ee728b)  -> (artifact id: 'b45ad2649e39108be7709aa654ac41c4') in 0.013923 seconds 
  Import took 0.020792 seconds .

========================================================================
Received Import Request.
  Time since last request: 8.355909 seconds.
  path: Assets/_External Tools/Wrld/Resources/Labels/WRLDLabelCanvas.prefab
  artifactKey: Guid(26ff41768368f47419686baa9cadd188) Importer(815301076,1909f56bfc062723c751e8b465ee728b)
Start importing Assets/_External Tools/Wrld/Resources/Labels/WRLDLabelCanvas.prefab using Guid(26ff41768368f47419686baa9cadd188) Importer(815301076,1909f56bfc062723c751e8b465ee728b)  -> (artifact id: '22a8471c046549ce3f946bcefd323704') in 0.034135 seconds 
  Import took 0.040675 seconds .

========================================================================
Received Import Request.
  Time since last request: 70.622020 seconds.
  path: Assets/StreamingAssets
  artifactKey: Guid(6b79d244ffc2546429acd54c4d4244bc) Importer(815301076,1909f56bfc062723c751e8b465ee728b)
Start importing Assets/StreamingAssets using Guid(6b79d244ffc2546429acd54c4d4244bc) Importer(815301076,1909f56bfc062723c751e8b465ee728b)  -> (artifact id: '011037164d3112bfcda32112533818a6') in 0.006950 seconds 
  Import took 0.014167 seconds .

========================================================================
Received Import Request.
  Time since last request: 1.266288 seconds.
  path: Assets/StreamingAssets/WrldResources
  artifactKey: Guid(cd193cd62fbb98e47a4335ae174a08b4) Importer(815301076,1909f56bfc062723c751e8b465ee728b)
Start importing Assets/StreamingAssets/WrldResources using Guid(cd193cd62fbb98e47a4335ae174a08b4) Importer(815301076,1909f56bfc062723c751e8b465ee728b)  -> (artifact id: 'e1d4b1932c42d4378aadfe895afd7454') in 0.008266 seconds 
  Import took 0.014713 seconds .

========================================================================
Received Import Request.
  Time since last request: 0.750016 seconds.
  path: Assets/StreamingAssets/WrldResources/Resources
  artifactKey: Guid(eee585764822b954f81de8a201a8c0a1) Importer(815301076,1909f56bfc062723c751e8b465ee728b)
Start importing Assets/StreamingAssets/WrldResources/Resources using Guid(eee585764822b954f81de8a201a8c0a1) Importer(815301076,1909f56bfc062723c751e8b465ee728b)  -> (artifact id: '63291412719a47b3b92501d3373cec8a') in 0.006008 seconds 
  Import took 0.013084 seconds .

========================================================================
Received Import Request.
  Time since last request: 5.428120 seconds.
  path: Assets/Scripts
  artifactKey: Guid(de769b24045b0554ab900d313edd10c7) Importer(815301076,1909f56bfc062723c751e8b465ee728b)
Start importing Assets/Scripts using Guid(de769b24045b0554ab900d313edd10c7) Importer(815301076,1909f56bfc062723c751e8b465ee728b)  -> (artifact id: 'cad27092803f862c50a95aef59a7d78b') in 0.006894 seconds 
  Import took 0.014448 seconds .

========================================================================
Received Import Request.
  Time since last request: 6.427317 seconds.
  path: Assets/Resources
  artifactKey: Guid(043a6c0a37f58a04da538ecaacbd4db5) Importer(815301076,1909f56bfc062723c751e8b465ee728b)
Start importing Assets/Resources using Guid(043a6c0a37f58a04da538ecaacbd4db5) Importer(815301076,1909f56bfc062723c751e8b465ee728b)  -> (artifact id: '12dd124b876b0742a70c011b4e12072f') in 0.002156 seconds 
  Import took 0.010290 seconds .

========================================================================
Received Import Request.
  Time since last request: 1.559457 seconds.
  path: Assets/Resources/BillingMode.json
  artifactKey: Guid(70460d021a307c7448b0a0fc6ca1a802) Importer(815301076,1909f56bfc062723c751e8b465ee728b)
Start importing Assets/Resources/BillingMode.json using Guid(70460d021a307c7448b0a0fc6ca1a802) Importer(815301076,1909f56bfc062723c751e8b465ee728b)  -> (artifact id: '9fcb6c6434b5e6b0565dee2507cf69de') in 0.008601 seconds 
  Import took 0.017489 seconds .

========================================================================
Received Import Request.
  Time since last request: 6.683141 seconds.
  path: Assets/Prefabs
  artifactKey: Guid(2a148c82c5cc8744a812f2f0f3739664) Importer(815301076,1909f56bfc062723c751e8b465ee728b)
Start importing Assets/Prefabs using Guid(2a148c82c5cc8744a812f2f0f3739664) Importer(815301076,1909f56bfc062723c751e8b465ee728b)  -> (artifact id: '10a47971643ff73a328cfdad88974d0d') in 0.007873 seconds 
  Import took 0.014753 seconds .

========================================================================
Received Import Request.
  Time since last request: 0.016156 seconds.
  path: Assets/Prefabs/SF Button.prefab
  artifactKey: Guid(05a81c3d5091440058129444d28322f3) Importer(815301076,1909f56bfc062723c751e8b465ee728b)
Start importing Assets/Prefabs/SF Button.prefab using Guid(05a81c3d5091440058129444d28322f3) Importer(815301076,1909f56bfc062723c751e8b465ee728b)  -> (artifact id: '559af95cd66259e9ac8168c3bdbd048d') in 0.021863 seconds 
  Import took 0.027977 seconds .

========================================================================
Received Import Request.
  Time since last request: 0.000345 seconds.
  path: Assets/Prefabs/SF Grid Button.prefab
  artifactKey: Guid(8a0cab5ff0a9b465bbc169d7ad27a67f) Importer(815301076,1909f56bfc062723c751e8b465ee728b)
Start importing Assets/Prefabs/SF Grid Button.prefab using Guid(8a0cab5ff0a9b465bbc169d7ad27a67f) Importer(815301076,1909f56bfc062723c751e8b465ee728b)  -> (artifact id: '4cff5a8a233f5dd1e39c83754f899f8a') in 0.034182 seconds 
  Import took 0.041170 seconds .

========================================================================
Received Import Request.
  Time since last request: 0.000320 seconds.
  path: Assets/Prefabs/Slider Lit.prefab
  artifactKey: Guid(1d49f63596dbd412fa2c32ef87fdf2f0) Importer(815301076,1909f56bfc062723c751e8b465ee728b)
Start importing Assets/Prefabs/Slider Lit.prefab using Guid(1d49f63596dbd412fa2c32ef87fdf2f0) Importer(815301076,1909f56bfc062723c751e8b465ee728b)  -> (artifact id: '4c2ba7cfdef1b59f9280debd9956b10c') in 0.014978 seconds 
  Import took 0.021876 seconds .

========================================================================
Received Import Request.
  Time since last request: 0.000329 seconds.
  path: Assets/Prefabs/SF Toggle.prefab
  artifactKey: Guid(212619aea848509449704f41e4a1d3f2) Importer(815301076,1909f56bfc062723c751e8b465ee728b)
Start importing Assets/Prefabs/SF Toggle.prefab using Guid(212619aea848509449704f41e4a1d3f2) Importer(815301076,1909f56bfc062723c751e8b465ee728b)  -> (artifact id: '7c9fbca301ced940c6a8b72d6ed5324a') in 0.015270 seconds 
  Import took 0.021119 seconds .

========================================================================
Received Import Request.
  Time since last request: 0.000370 seconds.
  path: Assets/Prefabs/SF Scene Elements.prefab
  artifactKey: Guid(7461a7b0cf97947fd9b9e4502fd2d07b) Importer(815301076,1909f56bfc062723c751e8b465ee728b)
Start importing Assets/Prefabs/SF Scene Elements.prefab using Guid(7461a7b0cf97947fd9b9e4502fd2d07b) Importer(815301076,1909f56bfc062723c751e8b465ee728b)  -> (artifact id: 'db121abb95f71483650b72962090bad9') in 0.070459 seconds 
  Import took 0.076384 seconds .

========================================================================
Received Import Request.
  Time since last request: 0.000384 seconds.
  path: Assets/Prefabs/SF Slider.prefab
  artifactKey: Guid(b6a1cf4e3eeaf9a4ca38bf8acb910a6d) Importer(815301076,1909f56bfc062723c751e8b465ee728b)
Start importing Assets/Prefabs/SF Slider.prefab using Guid(b6a1cf4e3eeaf9a4ca38bf8acb910a6d) Importer(815301076,1909f56bfc062723c751e8b465ee728b)  -> (artifact id: '8b9c035994c17b04d79c5b2cbf7ea034') in 0.007550 seconds 
  Import took 0.013581 seconds .

========================================================================
Received Import Request.
  Time since last request: 0.000333 seconds.
  path: Assets/Prefabs/SF Title.prefab
  artifactKey: Guid(a93c012dd9ef6454fa7d140e976926f7) Importer(815301076,1909f56bfc062723c751e8b465ee728b)
Start importing Assets/Prefabs/SF Title.prefab using Guid(a93c012dd9ef6454fa7d140e976926f7) Importer(815301076,1909f56bfc062723c751e8b465ee728b)  -> (artifact id: '88420d9cb00cc6d04f37c3d9c4350798') in 0.009655 seconds 
  Import took 0.016657 seconds .

========================================================================
Received Import Request.
  Time since last request: 2.491434 seconds.
  path: Assets/Plugins
  artifactKey: Guid(1f64ad1c653c8a842a5fcfa65ecc8cea) Importer(815301076,1909f56bfc062723c751e8b465ee728b)
Start importing Assets/Plugins using Guid(1f64ad1c653c8a842a5fcfa65ecc8cea) Importer(815301076,1909f56bfc062723c751e8b465ee728b)  -> (artifact id: 'de777521363296509c752a09664a735a') in 0.006874 seconds 
  Import took 0.014044 seconds .

AssetImportWorkerClient::OnTransportError - code=2 error=End of file
