Using pre-set license
Built from '2020.3/staging' branch; Version is '2020.3.16f1 (049d6eca3c44) revision 302446'; Using compiler version '192528614'; Build Type 'Release'
OS: 'Windows 10 Pro; OS build 19042.1237; Version 2009; 64bit' Language: 'en' Physical Memory: 32722 MB
BatchMode: 1, IsHumanControllingUs: 0, StartBugReporterOnCrash: 0, Is64bit: 1, IsPro: 0

 COMMAND LINE ARGUMENTS:
C:\Program Files\Unity\Hub\Editor\2020.3.16f1\Editor\Unity.exe
-adb2
-batchMode
-noUpm
-name
AssetImportWorker0
-projectPath
C:/Users/Naveen Reddy/source/repos/githubLocal/Our-World-Smartphone-Prototype-AR
-logFile
Logs/AssetImportWorker0.log
-srvPort
52733
Successfully changed project path to: C:/Users/Naveen Reddy/source/repos/githubLocal/Our-World-Smartphone-Prototype-AR
C:/Users/Naveen Reddy/source/repos/githubLocal/Our-World-Smartphone-Prototype-AR
Using Asset Import Pipeline V2.
Refreshing native plugins compatible for Editor in 125.93 ms, found 12 plugins.
Preloading 0 native plugins for Editor in 0.00 ms.
Initialize engine version: 2020.3.16f1 (049d6eca3c44)
[Subsystems] Discovering subsystems at path C:/Program Files/Unity/Hub/Editor/2020.3.16f1/Editor/Data/Resources/UnitySubsystems
[Subsystems] Discovering subsystems at path C:/Users/Naveen Reddy/source/repos/githubLocal/Our-World-Smartphone-Prototype-AR/Assets
GfxDevice: creating device client; threaded=0
Direct3D:
    Version:  Direct3D 11.0 [level 11.1]
    Renderer: NVIDIA GeForce GTX 1080 (ID=0x1b80)
    Vendor:   
    VRAM:     8079 MB
    Driver:   27.21.14.5671
Shader 'Universal Render Pipeline/Particles/Lit': fallback shader 'Universal Render Pipeline/Particles/SimpleLit' not found
Initialize mono
Mono path[0] = 'C:/Program Files/Unity/Hub/Editor/2020.3.16f1/Editor/Data/Managed'
Mono path[1] = 'C:/Program Files/Unity/Hub/Editor/2020.3.16f1/Editor/Data/MonoBleedingEdge/lib/mono/unityjit'
Mono config path = 'C:/Program Files/Unity/Hub/Editor/2020.3.16f1/Editor/Data/MonoBleedingEdge/etc'
Using monoOptions --debugger-agent=transport=dt_socket,embedding=1,server=y,suspend=n,address=127.0.0.1:56292
Begin MonoManager ReloadAssembly
Registering precompiled unity dll's ...
Register platform support module: C:/Program Files/Unity/Hub/Editor/2020.3.16f1/Editor/Data/PlaybackEngines/WindowsStandaloneSupport/UnityEditor.WindowsStandalone.Extensions.dll
Registered in 0.001735 seconds.
Native extension for WindowsStandalone target not found
Refreshing native plugins compatible for Editor in 115.17 ms, found 12 plugins.
Preloading 0 native plugins for Editor in 0.00 ms.
Mono: successfully reloaded assembly
- Completed reload, in  1.657 seconds
Domain Reload Profiling:
	ReloadAssembly (1658ms)
		BeginReloadAssembly (45ms)
			ExecutionOrderSort (0ms)
			DisableScriptedObjects (0ms)
			BackupInstance (0ms)
			ReleaseScriptingObjects (0ms)
			CreateAndSetChildDomain (1ms)
		EndReloadAssembly (437ms)
			LoadAssemblies (43ms)
			RebuildTransferFunctionScriptingTraits (0ms)
			SetupTypeCache (126ms)
			ReleaseScriptCaches (0ms)
			RebuildScriptCaches (27ms)
			SetupLoadedEditorAssemblies (219ms)
				LogAssemblyErrors (0ms)
				InitializePlatformSupportModulesInManaged (3ms)
				SetLoadedEditorAssemblies (0ms)
				RefreshPlugins (115ms)
				BeforeProcessingInitializeOnLoad (14ms)
				ProcessInitializeOnLoadAttributes (64ms)
				ProcessInitializeOnLoadMethodAttributes (23ms)
				AfterProcessingInitializeOnLoad (0ms)
				EditorAssembliesLoaded (0ms)
			ExecutionOrderSort2 (0ms)
			AwakeInstancesAfterBackupRestoration (0ms)
Platform modules already initialized, skipping
Registering precompiled user dll's ...
Registered in 0.013252 seconds.
Begin MonoManager ReloadAssembly
Native extension for WindowsStandalone target not found
Refreshing native plugins compatible for Editor in 107.25 ms, found 12 plugins.
Preloading 0 native plugins for Editor in 0.00 ms.
Mono: successfully reloaded assembly
- Completed reload, in  1.349 seconds
Domain Reload Profiling:
	ReloadAssembly (1350ms)
		BeginReloadAssembly (129ms)
			ExecutionOrderSort (0ms)
			DisableScriptedObjects (4ms)
			BackupInstance (0ms)
			ReleaseScriptingObjects (0ms)
			CreateAndSetChildDomain (20ms)
		EndReloadAssembly (1167ms)
			LoadAssemblies (93ms)
			RebuildTransferFunctionScriptingTraits (0ms)
			SetupTypeCache (375ms)
			ReleaseScriptCaches (1ms)
			RebuildScriptCaches (86ms)
			SetupLoadedEditorAssemblies (497ms)
				LogAssemblyErrors (0ms)
				InitializePlatformSupportModulesInManaged (3ms)
				SetLoadedEditorAssemblies (0ms)
				RefreshPlugins (107ms)
				BeforeProcessingInitializeOnLoad (104ms)
				ProcessInitializeOnLoadAttributes (265ms)
				ProcessInitializeOnLoadMethodAttributes (12ms)
				AfterProcessingInitializeOnLoad (6ms)
				EditorAssembliesLoaded (0ms)
			ExecutionOrderSort2 (0ms)
			AwakeInstancesAfterBackupRestoration (5ms)
Platform modules already initialized, skipping
========================================================================
Worker process is ready to serve import requests
Shader 'Universal Render Pipeline/Particles/Lit': fallback shader 'Universal Render Pipeline/Particles/SimpleLit' not found
Launched and connected shader compiler UnityShaderCompiler.exe after 0.03 seconds
Refreshing native plugins compatible for Editor in 1.42 ms, found 12 plugins.
Preloading 0 native plugins for Editor in 0.00 ms.
Unloading 5538 Unused Serialized files (Serialized files now loaded: 0)
System memory in use before: 231.1 MB.
System memory in use after: 231.5 MB.

Unloading 84 unused Assets to reduce memory usage. Loaded Objects now: 5924.
Total: 4.899800 ms (FindLiveObjects: 0.472600 ms CreateObjectMapping: 0.211300 ms MarkObjects: 4.110800 ms  DeleteObjects: 0.104300 ms)

AssetImportParameters requested are different than current active one (requested -> active):
  custom:framework-win-MediaFoundation: 216162199b28c13a410421893ffa2e32 -> 
  custom:video-decoder-ogg-theora: a1e56fd34408186e4bbccfd4996cb3dc -> 
  custom:container-muxer-webm: aa71ff27fc2769a1b78a27578f13a17b -> 
  custom:container-demuxer-webm: 4f35f7cbe854078d1ac9338744f61a02 -> 
  custom:container-demuxer-ogg: 62fdf1f143b41e24485cea50d1cbac27 -> 
  custom:video-encoder-webm-vp8: eb34c28f22e8b96e1ab97ce403110664 -> 
  custom:video-decoder-webm-vp8: 9c59270c3fd7afecdb556c50c9e8de78 -> 
  custom:audio-decoder-ogg-vorbis: bf7c407c2cedff20999df2af8eb42d56 -> 
  custom:audio-encoder-webm-vorbis: bf7c407c2cedff20999df2af8eb42d56 -> 
========================================================================
Received Import Request.
  path: Assets/_Game/Models/Models.fbx
  artifactKey: Guid(8222f52dde53a904ebc9648e22655c39) Importer(815301076,1909f56bfc062723c751e8b465ee728b)
Start importing Assets/_Game/Models/Models.fbx using Guid(8222f52dde53a904ebc9648e22655c39) Importer(815301076,1909f56bfc062723c751e8b465ee728b)  -> (artifact id: '4b6f211270176d82a9907e603e846e8d') in 0.473462 seconds 
  Import took 0.481355 seconds .

========================================================================
Received Import Request.
  Time since last request: 91.074227 seconds.
  path: Assets/_Game/Prefabs/Garbage_Prefabs
  artifactKey: Guid(33cbcc98532e2ad4ca14890e403771e5) Importer(815301076,1909f56bfc062723c751e8b465ee728b)
Start importing Assets/_Game/Prefabs/Garbage_Prefabs using Guid(33cbcc98532e2ad4ca14890e403771e5) Importer(815301076,1909f56bfc062723c751e8b465ee728b)  -> (artifact id: '897706c6bd46154fde06b04a4da3fbb9') in 0.003968 seconds 
  Import took 0.013916 seconds .

========================================================================
Received Import Request.
  Time since last request: 118.809774 seconds.
  path: Assets/_Game/Prefabs/Garbage_Prefabs/Bottle_Trash_3.prefab
  artifactKey: Guid(52980ae0745d542428998f1a02914254) Importer(815301076,1909f56bfc062723c751e8b465ee728b)
Start importing Assets/_Game/Prefabs/Garbage_Prefabs/Bottle_Trash_3.prefab using Guid(52980ae0745d542428998f1a02914254) Importer(815301076,1909f56bfc062723c751e8b465ee728b)  -> (artifact id: '378ca51b8008240e015b7145129f4635') in 0.021274 seconds 
  Import took 0.032333 seconds .

========================================================================
Received Import Request.
  Time since last request: 1.129067 seconds.
  path: Assets/_Game/Prefabs/Garbage_Prefabs/Straw.prefab
  artifactKey: Guid(d66e2bf503f737e44be821ff44529256) Importer(815301076,1909f56bfc062723c751e8b465ee728b)
Start importing Assets/_Game/Prefabs/Garbage_Prefabs/Straw.prefab using Guid(d66e2bf503f737e44be821ff44529256) Importer(815301076,1909f56bfc062723c751e8b465ee728b)  -> (artifact id: 'a49620fab250abdfd87f7736bb6b59f6') in 0.014086 seconds 
  Import took 0.023804 seconds .

========================================================================
Received Import Request.
  Time since last request: 1.126821 seconds.
  path: Assets/_Game/Prefabs/Garbage_Prefabs/Plastic_Can.prefab
  artifactKey: Guid(e457710c1656c6d469ea2a7709792ca4) Importer(815301076,1909f56bfc062723c751e8b465ee728b)
Start importing Assets/_Game/Prefabs/Garbage_Prefabs/Plastic_Can.prefab using Guid(e457710c1656c6d469ea2a7709792ca4) Importer(815301076,1909f56bfc062723c751e8b465ee728b)  -> (artifact id: '666295e2f2366c0ae1f759e0a901ab83') in 0.012659 seconds 
  Import took 0.021615 seconds .

========================================================================
Received Import Request.
  Time since last request: 1.186792 seconds.
  path: Assets/_Game/Prefabs/Garbage_Prefabs/Plastic_Cup_Trash.prefab
  artifactKey: Guid(3f8399ed77fa56d4ea1d7e94e17b71fa) Importer(815301076,1909f56bfc062723c751e8b465ee728b)
Start importing Assets/_Game/Prefabs/Garbage_Prefabs/Plastic_Cup_Trash.prefab using Guid(3f8399ed77fa56d4ea1d7e94e17b71fa) Importer(815301076,1909f56bfc062723c751e8b465ee728b)  -> (artifact id: 'ab33e4a93b1d6b331c983a4f50c8122e') in 0.013954 seconds 
  Import took 0.022826 seconds .

========================================================================
Received Import Request.
  Time since last request: 1.136222 seconds.
  path: Assets/_Game/Prefabs/Garbage_Prefabs/Plastic_Cup.prefab
  artifactKey: Guid(84dc737c1d3b9aa489d349d2933b1e9c) Importer(815301076,1909f56bfc062723c751e8b465ee728b)
Start importing Assets/_Game/Prefabs/Garbage_Prefabs/Plastic_Cup.prefab using Guid(84dc737c1d3b9aa489d349d2933b1e9c) Importer(815301076,1909f56bfc062723c751e8b465ee728b)  -> (artifact id: 'ff11842e6c43d0142bc01c7f2d0c9cc0') in 0.014528 seconds 
  Import took 0.023690 seconds .

========================================================================
Received Import Request.
  Time since last request: 1.515249 seconds.
  path: Assets/_Game/Prefabs/Garbage_Prefabs/Coffee_Cup.prefab
  artifactKey: Guid(d55b1c838319d7e49860c677d4412551) Importer(815301076,1909f56bfc062723c751e8b465ee728b)
Start importing Assets/_Game/Prefabs/Garbage_Prefabs/Coffee_Cup.prefab using Guid(d55b1c838319d7e49860c677d4412551) Importer(815301076,1909f56bfc062723c751e8b465ee728b)  -> (artifact id: '5c90832400e35319332f4b3784a7570c') in 0.015728 seconds 
  Import took 0.025242 seconds .

========================================================================
Received Import Request.
  Time since last request: 1.285178 seconds.
  path: Assets/_Game/Prefabs/Garbage_Prefabs/Plastic_Bowl.prefab
  artifactKey: Guid(5d69bac19741f70479eda94c2094d1dd) Importer(815301076,1909f56bfc062723c751e8b465ee728b)
Start importing Assets/_Game/Prefabs/Garbage_Prefabs/Plastic_Bowl.prefab using Guid(5d69bac19741f70479eda94c2094d1dd) Importer(815301076,1909f56bfc062723c751e8b465ee728b)  -> (artifact id: '2b13d79f53df3427c902fbdf7a769593') in 0.014808 seconds 
  Import took 0.023287 seconds .

========================================================================
Received Import Request.
  Time since last request: 1.290987 seconds.
  path: Assets/_Game/Prefabs/Garbage_Prefabs/Plastic_Bowl_Trash.prefab
  artifactKey: Guid(571ec9779d02c1d4f956dbfdba251f7e) Importer(815301076,1909f56bfc062723c751e8b465ee728b)
Start importing Assets/_Game/Prefabs/Garbage_Prefabs/Plastic_Bowl_Trash.prefab using Guid(571ec9779d02c1d4f956dbfdba251f7e) Importer(815301076,1909f56bfc062723c751e8b465ee728b)  -> (artifact id: '18c04fce55ad015feccf255f0126256c') in 0.015142 seconds 
  Import took 0.023468 seconds .

========================================================================
Received Import Request.
  Time since last request: 1.228602 seconds.
  path: Assets/_Game/Prefabs/Garbage_Prefabs/Bottle.prefab
  artifactKey: Guid(34162f333867ac74aad0f14f9a793cb2) Importer(815301076,1909f56bfc062723c751e8b465ee728b)
Start importing Assets/_Game/Prefabs/Garbage_Prefabs/Bottle.prefab using Guid(34162f333867ac74aad0f14f9a793cb2) Importer(815301076,1909f56bfc062723c751e8b465ee728b)  -> (artifact id: '1fee670f090c0f24c2ebb2a64c84ca4f') in 0.015539 seconds 
  Import took 0.024883 seconds .

========================================================================
Received Import Request.
  Time since last request: 1.361075 seconds.
  path: Assets/_Game/Prefabs/Garbage_Prefabs/Bottle_Trash_2.prefab
  artifactKey: Guid(21bbc84f37f12894686affe85c4218ff) Importer(815301076,1909f56bfc062723c751e8b465ee728b)
Start importing Assets/_Game/Prefabs/Garbage_Prefabs/Bottle_Trash_2.prefab using Guid(21bbc84f37f12894686affe85c4218ff) Importer(815301076,1909f56bfc062723c751e8b465ee728b)  -> (artifact id: '2e81dab70f21e4a82c6670101f21b75e') in 0.013754 seconds 
  Import took 0.022826 seconds .

========================================================================
Received Import Request.
  Time since last request: 1.348322 seconds.
  path: Assets/_Game/Prefabs/Garbage_Prefabs/Bottle_Trash.prefab
  artifactKey: Guid(f4fb0fac5b1c70341aa5a9493e8e0bf6) Importer(815301076,1909f56bfc062723c751e8b465ee728b)
Start importing Assets/_Game/Prefabs/Garbage_Prefabs/Bottle_Trash.prefab using Guid(f4fb0fac5b1c70341aa5a9493e8e0bf6) Importer(815301076,1909f56bfc062723c751e8b465ee728b)  -> (artifact id: 'ca1aeacc9f9b3e643b985c2930ffec81') in 0.015800 seconds 
  Import took 0.024796 seconds .

========================================================================
Received Import Request.
  Time since last request: 3.576873 seconds.
  path: Assets/_Game/Prefabs/Garbage_Prefabs/Plastic_Bag_2.prefab
  artifactKey: Guid(b8695849bc02f424f995026ee31a68da) Importer(815301076,1909f56bfc062723c751e8b465ee728b)
Start importing Assets/_Game/Prefabs/Garbage_Prefabs/Plastic_Bag_2.prefab using Guid(b8695849bc02f424f995026ee31a68da) Importer(815301076,1909f56bfc062723c751e8b465ee728b)  -> (artifact id: '30d2a3d3c90e8d4d83b1905153f75d67') in 0.016280 seconds 
  Import took 0.025295 seconds .

========================================================================
Received Import Request.
  Time since last request: 1.500306 seconds.
  path: Assets/_Game/Prefabs/Garbage_Prefabs/Plastic_Bag.prefab
  artifactKey: Guid(d616df908e66b334fb5e0f2caed9b33c) Importer(815301076,1909f56bfc062723c751e8b465ee728b)
Start importing Assets/_Game/Prefabs/Garbage_Prefabs/Plastic_Bag.prefab using Guid(d616df908e66b334fb5e0f2caed9b33c) Importer(815301076,1909f56bfc062723c751e8b465ee728b)  -> (artifact id: '36e56359952f85ccb0046f078f297c21') in 0.017419 seconds 
  Import took 0.026469 seconds .

========================================================================
Received Prepare
Registering precompiled user dll's ...
Registered in 0.013077 seconds.
Begin MonoManager ReloadAssembly
Native extension for WindowsStandalone target not found
Refreshing native plugins compatible for Editor in 1.48 ms, found 12 plugins.
Preloading 0 native plugins for Editor in 0.00 ms.
Mono: successfully reloaded assembly
- Completed reload, in  1.188 seconds
Domain Reload Profiling:
	ReloadAssembly (1188ms)
		BeginReloadAssembly (118ms)
			ExecutionOrderSort (0ms)
			DisableScriptedObjects (5ms)
			BackupInstance (0ms)
			ReleaseScriptingObjects (0ms)
			CreateAndSetChildDomain (42ms)
		EndReloadAssembly (1018ms)
			LoadAssemblies (85ms)
			RebuildTransferFunctionScriptingTraits (0ms)
			SetupTypeCache (347ms)
			ReleaseScriptCaches (1ms)
			RebuildScriptCaches (59ms)
			SetupLoadedEditorAssemblies (400ms)
				LogAssemblyErrors (0ms)
				InitializePlatformSupportModulesInManaged (3ms)
				SetLoadedEditorAssemblies (0ms)
				RefreshPlugins (2ms)
				BeforeProcessingInitializeOnLoad (111ms)
				ProcessInitializeOnLoadAttributes (267ms)
				ProcessInitializeOnLoadMethodAttributes (12ms)
				AfterProcessingInitializeOnLoad (5ms)
				EditorAssembliesLoaded (0ms)
			ExecutionOrderSort2 (0ms)
			AwakeInstancesAfterBackupRestoration (13ms)
Platform modules already initialized, skipping
Shader 'Universal Render Pipeline/Particles/Lit': fallback shader 'Universal Render Pipeline/Particles/SimpleLit' not found
Refreshing native plugins compatible for Editor in 1.47 ms, found 12 plugins.
Preloading 0 native plugins for Editor in 0.00 ms.
Unloading 5375 Unused Serialized files (Serialized files now loaded: 0)
System memory in use before: 224.7 MB.
System memory in use after: 225.1 MB.

Unloading 79 unused Assets to reduce memory usage. Loaded Objects now: 6008.
Total: 4.816900 ms (FindLiveObjects: 0.462200 ms CreateObjectMapping: 0.287300 ms MarkObjects: 3.999400 ms  DeleteObjects: 0.066700 ms)

AssetImportParameters requested are different than current active one (requested -> active):
  custom:framework-win-MediaFoundation: 216162199b28c13a410421893ffa2e32 -> 
  custom:video-decoder-ogg-theora: a1e56fd34408186e4bbccfd4996cb3dc -> 
  custom:container-muxer-webm: aa71ff27fc2769a1b78a27578f13a17b -> 
  custom:container-demuxer-webm: 4f35f7cbe854078d1ac9338744f61a02 -> 
  custom:container-demuxer-ogg: 62fdf1f143b41e24485cea50d1cbac27 -> 
  custom:video-encoder-webm-vp8: eb34c28f22e8b96e1ab97ce403110664 -> 
  custom:video-decoder-webm-vp8: 9c59270c3fd7afecdb556c50c9e8de78 -> 
  custom:audio-decoder-ogg-vorbis: bf7c407c2cedff20999df2af8eb42d56 -> 
  custom:audio-encoder-webm-vorbis: bf7c407c2cedff20999df2af8eb42d56 -> 
AssetImportWorkerClient::OnTransportError - code=2 error=End of file
